build/app/intermediates/manifest_merge_blame_file/release/manifest-merger-blame-release-report.txt
1<?xml version="1.0" encoding="utf-8"?>
2<manifest xmlns:android="http://schemas.android.com/apk/res/android"
3    package="com.example.sisbi"
4    android:versionCode="1"
5    android:versionName="1.0.0" >
6
7    <uses-sdk
8        android:minSdkVersion="19"
8-->src/main/AndroidManifest.xml
9        android:targetSdkVersion="31" />
9-->src/main/AndroidManifest.xml
10
11    <uses-permission android:name="android.permission.INTERNET" />
11-->src/main/AndroidManifest.xml:3:5-66
11-->src/main/AndroidManifest.xml:3:22-64
12
13    <queries>
13-->src/main/AndroidManifest.xml:4:5-15:15
14
15        <!-- If your app checks for SMS support -->
16        <intent>
16-->src/main/AndroidManifest.xml:6:9-9:18
17            <action android:name="android.intent.action.VIEW" />
17-->src/main/AndroidManifest.xml:7:13-65
17-->src/main/AndroidManifest.xml:7:21-62
18
19            <data android:scheme="mailto" />
19-->src/main/AndroidManifest.xml:8:13-45
19-->src/main/AndroidManifest.xml:8:19-42
20        </intent>
21        <!-- If your app checks for call support -->
22        <intent>
22-->src/main/AndroidManifest.xml:11:9-14:18
23            <action android:name="android.intent.action.VIEW" />
23-->src/main/AndroidManifest.xml:7:13-65
23-->src/main/AndroidManifest.xml:7:21-62
24
25            <data android:scheme="tel" />
25-->src/main/AndroidManifest.xml:8:13-45
25-->src/main/AndroidManifest.xml:8:19-42
26        </intent>
27    </queries>
28
29    <application
30        android:name="android.app.Application"
30-->src/main/AndroidManifest.xml:18:9-42
31        android:appComponentFactory="androidx.core.app.CoreComponentFactory"
31-->[androidx.core:core:1.8.0] AndroidManifest.xml:24:18-86
32        android:icon="@mipmap/ic_launcher"
32-->src/main/AndroidManifest.xml:19:9-43
33        android:label="sisbi" >
33-->src/main/AndroidManifest.xml:17:9-30
34        <activity
34-->src/main/AndroidManifest.xml:20:9-40:20
35            android:name="com.example.sisbi.MainActivity"
35-->src/main/AndroidManifest.xml:21:13-41
36            android:configChanges="orientation|keyboardHidden|keyboard|screenSize|smallestScreenSize|locale|layoutDirection|fontScale|screenLayout|density|uiMode"
36-->src/main/AndroidManifest.xml:25:13-163
37            android:exported="true"
37-->src/main/AndroidManifest.xml:22:13-36
38            android:hardwareAccelerated="true"
38-->src/main/AndroidManifest.xml:26:13-47
39            android:launchMode="singleTop"
39-->src/main/AndroidManifest.xml:23:13-43
40            android:theme="@style/LaunchTheme"
40-->src/main/AndroidManifest.xml:24:13-47
41            android:windowSoftInputMode="adjustResize" >
41-->src/main/AndroidManifest.xml:27:13-55
42
43            <!--
44                 Specifies an Android theme to apply to this Activity as soon as
45                 the Android process has started. This theme is visible to the user
46                 while the Flutter UI initializes. After that, this theme continues
47                 to determine the Window background behind the Flutter UI.
48            -->
49            <meta-data
49-->src/main/AndroidManifest.xml:32:13-35:17
50                android:name="io.flutter.embedding.android.NormalTheme"
50-->src/main/AndroidManifest.xml:33:15-70
51                android:resource="@style/NormalTheme" />
51-->src/main/AndroidManifest.xml:34:15-52
52
53            <intent-filter>
53-->src/main/AndroidManifest.xml:36:13-39:29
54                <action android:name="android.intent.action.MAIN" />
54-->src/main/AndroidManifest.xml:37:17-68
54-->src/main/AndroidManifest.xml:37:25-66
55
56                <category android:name="android.intent.category.LAUNCHER" />
56-->src/main/AndroidManifest.xml:38:17-76
56-->src/main/AndroidManifest.xml:38:27-74
57            </intent-filter>
58        </activity>
59        <!--
60             Don't delete the meta-data below.
61             This is used by the Flutter tool to generate GeneratedPluginRegistrant.java
62        -->
63        <meta-data
63-->src/main/AndroidManifest.xml:43:9-45:33
64            android:name="flutterEmbedding"
64-->src/main/AndroidManifest.xml:44:13-44
65            android:value="2" />
65-->src/main/AndroidManifest.xml:45:13-30
66
67        <provider
67-->[:image_picker_android] AndroidManifest.xml:8:9-16:20
68            android:name="io.flutter.plugins.imagepicker.ImagePickerFileProvider"
68-->[:image_picker_android] AndroidManifest.xml:9:13-82
69            android:authorities="com.example.sisbi.flutter.image_provider"
69-->[:image_picker_android] AndroidManifest.xml:10:13-74
70            android:exported="false"
70-->[:image_picker_android] AndroidManifest.xml:11:13-37
71            android:grantUriPermissions="true" >
71-->[:image_picker_android] AndroidManifest.xml:12:13-47
72            <meta-data
72-->[:image_picker_android] AndroidManifest.xml:13:13-15:75
73                android:name="android.support.FILE_PROVIDER_PATHS"
73-->[:image_picker_android] AndroidManifest.xml:14:17-67
74                android:resource="@xml/flutter_image_picker_file_paths" />
74-->[:image_picker_android] AndroidManifest.xml:15:17-72
75        </provider>
76
77        <activity
77-->[:url_launcher_android] AndroidManifest.xml:8:9-11:74
78            android:name="io.flutter.plugins.urllauncher.WebViewActivity"
78-->[:url_launcher_android] AndroidManifest.xml:9:13-74
79            android:exported="false"
79-->[:url_launcher_android] AndroidManifest.xml:10:13-37
80            android:theme="@android:style/Theme.NoTitleBar.Fullscreen" />
80-->[:url_launcher_android] AndroidManifest.xml:11:13-71
81
82        <uses-library
82-->[androidx.window:window:1.0.0-beta04] AndroidManifest.xml:25:9-27:40
83            android:name="androidx.window.extensions"
83-->[androidx.window:window:1.0.0-beta04] AndroidManifest.xml:26:13-54
84            android:required="false" />
84-->[androidx.window:window:1.0.0-beta04] AndroidManifest.xml:27:13-37
85        <uses-library
85-->[androidx.window:window:1.0.0-beta04] AndroidManifest.xml:28:9-30:40
86            android:name="androidx.window.sidecar"
86-->[androidx.window:window:1.0.0-beta04] AndroidManifest.xml:29:13-51
87            android:required="false" />
87-->[androidx.window:window:1.0.0-beta04] AndroidManifest.xml:30:13-37
88    </application>
89
90</manifest>